0 verbose cli /usr/bin/node /usr/bin/npm
1 info using npm@8.19.4
2 info using node@v16.20.2
3 timing npm:load:whichnode Completed in 0ms
4 timing config:load:defaults Completed in 2ms
5 timing config:load:file:/usr/lib/node_modules/npm/npmrc Completed in 2ms
6 timing config:load:builtin Completed in 3ms
7 timing config:load:cli Completed in 2ms
8 timing config:load:env Completed in 0ms
9 timing config:load:project Completed in 1ms
10 timing config:load:file:/home/neto/.npmrc Completed in 0ms
11 timing config:load:user Completed in 0ms
12 timing config:load:file:/etc/npmrc Completed in 1ms
13 timing config:load:global Completed in 1ms
14 timing config:load:validate Completed in 0ms
15 timing config:load:credentials Completed in 1ms
16 timing config:load:setEnvs Completed in 1ms
17 timing config:load Completed in 13ms
18 timing npm:load:configload Completed in 14ms
19 timing npm:load:mkdirpcache Completed in 1ms
20 timing npm:load:mkdirplogs Completed in 1ms
21 verbose title npm install pm2
22 verbose argv "install" "--global" "pm2"
23 timing npm:load:setTitle Completed in 1ms
24 timing config:load:flatten Completed in 4ms
25 timing npm:load:display Completed in 6ms
26 verbose logfile logs-max:10 dir:/home/neto/.npm/_logs
27 verbose logfile /home/neto/.npm/_logs/2025-03-31T19_23_23_000Z-debug-0.log
28 timing npm:load:logFile Completed in 6ms
29 timing npm:load:timers Completed in 0ms
30 timing npm:load:configScope Completed in 0ms
31 timing npm:load Completed in 30ms
32 timing arborist:ctor Completed in 1ms
33 silly logfile done cleaning log files
34 timing idealTree:init Completed in 7ms
35 timing idealTree:userRequests Completed in 3ms
36 silly idealTree buildDeps
37 silly fetch manifest pm2@*
38 http fetch GET 200 https://registry.npmjs.org/pm2 238ms (cache miss)
39 silly placeDep ROOT pm2@6.0.5 OK for:  want: *
40 silly fetch manifest @pm2/agent@~2.1.1
41 silly fetch manifest @pm2/js-api@~0.8.0
42 silly fetch manifest @pm2/io@~6.1.0
43 silly fetch manifest @pm2/pm2-version-check@latest
44 silly fetch manifest async@~3.2.6
45 silly fetch manifest blessed@0.1.81
46 silly fetch manifest chalk@3.0.0
47 silly fetch manifest chokidar@^3.5.3
48 silly fetch manifest cli-tableau@^2.0.0
49 silly fetch manifest commander@2.15.1
50 silly fetch manifest croner@~4.1.92
51 silly fetch manifest dayjs@~1.11.13
52 silly fetch manifest debug@^4.3.7
53 silly fetch manifest enquirer@2.3.6
54 silly fetch manifest eventemitter2@5.0.1
55 silly fetch manifest fclone@1.0.11
56 silly fetch manifest mkdirp@1.0.4
57 silly fetch manifest needle@2.4.0
58 silly fetch manifest pidusage@~3.0
59 silly fetch manifest pm2-axon@~4.0.1
60 silly fetch manifest pm2-axon-rpc@~0.7.1
61 silly fetch manifest pm2-deploy@~1.0.2
62 silly fetch manifest pm2-multimeter@^0.1.2
63 silly fetch manifest promptly@^2
64 silly fetch manifest semver@^7.6.2
65 silly fetch manifest source-map-support@0.5.21
66 silly fetch manifest sprintf-js@1.1.2
67 silly fetch manifest vizion@~2.2.1
68 silly fetch manifest js-yaml@~4.1.0
69 silly fetch manifest pm2-sysmonit@^1.2.8
70 http fetch GET 200 https://registry.npmjs.org/fclone 523ms (cache miss)
71 http fetch GET 200 https://registry.npmjs.org/@pm2%2fagent 541ms (cache miss)
72 http fetch GET 200 https://registry.npmjs.org/cli-tableau 546ms (cache miss)
73 http fetch GET 200 https://registry.npmjs.org/pm2-multimeter 533ms (cache miss)
74 http fetch GET 200 https://registry.npmjs.org/pm2-axon-rpc 545ms (cache miss)
75 http fetch GET 200 https://registry.npmjs.org/@pm2%2fpm2-version-check 565ms (cache miss)
76 http fetch GET 200 https://registry.npmjs.org/sprintf-js 541ms (cache miss)
77 http fetch GET 200 https://registry.npmjs.org/vizion 542ms (cache miss)
78 http fetch GET 200 https://registry.npmjs.org/promptly 552ms (cache miss)
79 http fetch GET 200 https://registry.npmjs.org/pm2-axon 559ms (cache miss)
80 http fetch GET 200 https://registry.npmjs.org/pm2-deploy 558ms (cache miss)
81 http fetch GET 200 https://registry.npmjs.org/mkdirp 564ms (cache miss)
82 http fetch GET 200 https://registry.npmjs.org/blessed 580ms (cache miss)
83 http fetch GET 200 https://registry.npmjs.org/pm2-sysmonit 556ms (cache miss)
84 http fetch GET 200 https://registry.npmjs.org/chalk 584ms (cache miss)
85 http fetch GET 200 https://registry.npmjs.org/enquirer 581ms (cache miss)
86 http fetch GET 200 https://registry.npmjs.org/eventemitter2 593ms (cache miss)
87 http fetch GET 200 https://registry.npmjs.org/pidusage 591ms (cache miss)
88 http fetch GET 200 https://registry.npmjs.org/js-yaml 580ms (cache miss)
89 http fetch GET 200 https://registry.npmjs.org/source-map-support 586ms (cache miss)
90 http fetch GET 200 https://registry.npmjs.org/async 610ms (cache miss)
91 http fetch GET 200 https://registry.npmjs.org/debug 606ms (cache miss)
92 http fetch GET 200 https://registry.npmjs.org/semver 603ms (cache miss)
93 http fetch GET 200 https://registry.npmjs.org/needle 612ms (cache miss)
94 http fetch GET 200 https://registry.npmjs.org/chokidar 624ms (cache miss)
95 http fetch GET 200 https://registry.npmjs.org/@pm2%2fjs-api 648ms (cache miss)
96 http fetch GET 200 https://registry.npmjs.org/commander 652ms (cache miss)
97 http fetch GET 200 https://registry.npmjs.org/croner 657ms (cache miss)
98 http fetch GET 200 https://registry.npmjs.org/dayjs 661ms (cache miss)
99 http fetch GET 200 https://registry.npmjs.org/@pm2%2fio 671ms (cache miss)
100 timing idealTree:#root Completed in 941ms
101 silly placeDep node_modules/pm2 @pm2/agent@2.1.1 OK for: pm2@6.0.5 want: ~2.1.1
102 silly placeDep node_modules/pm2 @pm2/io@6.1.0 OK for: pm2@6.0.5 want: ~6.1.0
103 silly placeDep node_modules/pm2 @pm2/js-api@0.8.0 OK for: pm2@6.0.5 want: ~0.8.0
104 silly placeDep node_modules/pm2 @pm2/pm2-version-check@1.0.4 OK for: pm2@6.0.5 want: latest
105 silly placeDep node_modules/pm2 async@3.2.6 OK for: pm2@6.0.5 want: ~3.2.6
106 silly placeDep node_modules/pm2 blessed@0.1.81 OK for: pm2@6.0.5 want: 0.1.81
107 silly placeDep node_modules/pm2 chalk@3.0.0 OK for: pm2@6.0.5 want: 3.0.0
108 silly placeDep node_modules/pm2 chokidar@3.6.0 OK for: pm2@6.0.5 want: ^3.5.3
109 silly placeDep node_modules/pm2 cli-tableau@2.0.1 OK for: pm2@6.0.5 want: ^2.0.0
110 silly placeDep node_modules/pm2 commander@2.15.1 OK for: pm2@6.0.5 want: 2.15.1
111 silly placeDep node_modules/pm2 croner@4.1.97 OK for: pm2@6.0.5 want: ~4.1.92
112 silly placeDep node_modules/pm2 dayjs@1.11.13 OK for: pm2@6.0.5 want: ~1.11.13
113 silly placeDep node_modules/pm2 debug@4.4.0 OK for: pm2@6.0.5 want: ^4.3.7
114 silly placeDep node_modules/pm2 enquirer@2.3.6 OK for: pm2@6.0.5 want: 2.3.6
115 silly placeDep node_modules/pm2 eventemitter2@5.0.1 OK for: pm2@6.0.5 want: 5.0.1
116 silly placeDep node_modules/pm2 fclone@1.0.11 OK for: pm2@6.0.5 want: 1.0.11
117 silly placeDep node_modules/pm2 js-yaml@4.1.0 OK for: pm2@6.0.5 want: ~4.1.0
118 silly placeDep node_modules/pm2 mkdirp@1.0.4 OK for: pm2@6.0.5 want: 1.0.4
119 silly placeDep node_modules/pm2 needle@2.4.0 OK for: pm2@6.0.5 want: 2.4.0
120 silly placeDep node_modules/pm2 pidusage@3.0.2 OK for: pm2@6.0.5 want: ~3.0
121 silly placeDep node_modules/pm2 pm2-axon@4.0.1 OK for: pm2@6.0.5 want: ~4.0.1
122 silly placeDep node_modules/pm2 pm2-axon-rpc@0.7.1 OK for: pm2@6.0.5 want: ~0.7.1
123 silly placeDep node_modules/pm2 pm2-deploy@1.0.2 OK for: pm2@6.0.5 want: ~1.0.2
124 silly placeDep node_modules/pm2 pm2-multimeter@0.1.2 OK for: pm2@6.0.5 want: ^0.1.2
125 silly placeDep node_modules/pm2 pm2-sysmonit@1.2.8 OK for: pm2@6.0.5 want: ^1.2.8
126 silly placeDep node_modules/pm2 promptly@2.2.0 OK for: pm2@6.0.5 want: ^2
127 silly placeDep node_modules/pm2 semver@7.7.1 OK for: pm2@6.0.5 want: ^7.6.2
128 silly placeDep node_modules/pm2 source-map-support@0.5.21 OK for: pm2@6.0.5 want: 0.5.21
129 silly placeDep node_modules/pm2 sprintf-js@1.1.2 OK for: pm2@6.0.5 want: 1.1.2
130 silly placeDep node_modules/pm2 vizion@2.2.1 OK for: pm2@6.0.5 want: ~2.2.1
131 silly fetch manifest dayjs@~1.8.24
132 silly fetch manifest debug@~4.3.1
133 silly fetch manifest fast-json-patch@^3.1.0
134 silly fetch manifest proxy-agent@~6.4.0
135 silly fetch manifest semver@~7.5.0
136 silly fetch manifest ws@~7.5.10
137 silly fetch manifest async@~2.6.1
138 silly fetch manifest eventemitter2@^6.3.1
139 silly fetch manifest require-in-the-middle@^5.0.0
140 silly fetch manifest semver@~7.5.4
141 silly fetch manifest shimmer@^1.2.0
142 silly fetch manifest signal-exit@^3.0.3
143 silly fetch manifest tslib@1.9.3
144 silly fetch manifest async@^2.6.3
145 silly fetch manifest extrareqp2@^1.0.0
146 silly fetch manifest ws@^7.0.0
147 silly fetch manifest ansi-styles@^4.1.0
148 silly fetch manifest supports-color@^7.1.0
149 silly fetch manifest braces@~3.0.2
150 silly fetch manifest is-glob@~4.0.1
151 silly fetch manifest anymatch@~3.1.2
152 silly fetch manifest readdirp@~3.6.0
153 silly fetch manifest glob-parent@~5.1.2
154 silly fetch manifest is-binary-path@~2.1.0
155 silly fetch manifest normalize-path@~3.0.0
156 silly fetch manifest fsevents@~2.3.2
157 silly fetch manifest ms@^2.1.3
158 silly fetch manifest ansi-colors@^4.1.1
159 silly fetch manifest argparse@^2.0.1
160 silly fetch manifest debug@^3.2.6
161 silly fetch manifest iconv-lite@^0.4.4
162 silly fetch manifest sax@^1.2.4
163 silly fetch manifest safe-buffer@^5.2.1
164 silly fetch manifest amp@~0.3.1
165 silly fetch manifest amp-message@~0.1.1
166 silly fetch manifest escape-string-regexp@^4.0.0
167 silly fetch manifest run-series@^1.1.8
168 silly fetch manifest tv4@^1.3.0
169 silly fetch manifest charm@~0.1.1
170 silly fetch manifest pidusage@^2.0.21
171 silly fetch manifest systeminformation@^5.7
172 silly fetch manifest tx2@~1.0.4
173 silly fetch manifest read@^1.0.4
174 silly fetch manifest buffer-from@^1.0.0
175 silly fetch manifest source-map@^0.6.0
176 silly fetch manifest git-node-fs@^1.0.0
177 silly fetch manifest ini@^1.3.5
178 silly fetch manifest js-git@^0.7.8
179 http fetch GET 200 https://registry.npmjs.org/is-glob 387ms (cache miss)
180 http fetch GET 200 https://registry.npmjs.org/extrareqp2 395ms (cache miss)
181 http fetch GET 200 https://registry.npmjs.org/shimmer 400ms (cache miss)
182 http fetch GET 200 https://registry.npmjs.org/anymatch 394ms (cache miss)
183 http fetch GET 200 https://registry.npmjs.org/require-in-the-middle 410ms (cache miss)
184 http fetch GET 200 https://registry.npmjs.org/fast-json-patch 414ms (cache miss)
185 http fetch GET 200 https://registry.npmjs.org/signal-exit 416ms (cache miss)
186 http fetch GET 200 https://registry.npmjs.org/normalize-path 405ms (cache miss)
187 http fetch GET 200 https://registry.npmjs.org/ms 401ms (cache miss)
188 http fetch GET 200 https://registry.npmjs.org/proxy-agent 430ms (cache miss)
189 http fetch GET 200 https://registry.npmjs.org/ansi-styles 424ms (cache miss)
190 http fetch GET 200 https://registry.npmjs.org/ansi-colors 410ms (cache miss)
191 http fetch GET 200 https://registry.npmjs.org/glob-parent 421ms (cache miss)
192 http fetch GET 200 https://registry.npmjs.org/is-binary-path 421ms (cache miss)
193 http fetch GET 200 https://registry.npmjs.org/argparse 412ms (cache miss)
194 http fetch GET 200 https://registry.npmjs.org/escape-string-regexp 406ms (cache miss)
195 http fetch GET 200 https://registry.npmjs.org/amp 409ms (cache miss)
196 http fetch GET 200 https://registry.npmjs.org/amp-message 408ms (cache miss)
197 http fetch GET 200 https://registry.npmjs.org/safe-buffer 416ms (cache miss)
198 http fetch GET 200 https://registry.npmjs.org/tx2 409ms (cache miss)
199 http fetch GET 200 https://registry.npmjs.org/charm 413ms (cache miss)
200 http fetch GET 200 https://registry.npmjs.org/buffer-from 406ms (cache miss)
201 http fetch GET 200 https://registry.npmjs.org/run-series 436ms (cache miss)
202 http fetch GET 200 https://registry.npmjs.org/sax 443ms (cache miss)
203 http fetch GET 200 https://registry.npmjs.org/read 430ms (cache miss)
204 http fetch GET 200 https://registry.npmjs.org/braces 473ms (cache miss)
205 http fetch GET 200 https://registry.npmjs.org/supports-color 475ms (cache miss)
206 http fetch GET 200 https://registry.npmjs.org/iconv-lite 460ms (cache miss)
207 http fetch GET 200 https://registry.npmjs.org/fsevents 469ms (cache miss)
208 http fetch GET 200 https://registry.npmjs.org/source-map 446ms (cache miss)
209 http fetch GET 200 https://registry.npmjs.org/js-git 444ms (cache miss)
210 http fetch GET 200 https://registry.npmjs.org/tv4 458ms (cache miss)
211 http fetch GET 200 https://registry.npmjs.org/ini 448ms (cache miss)
212 http fetch GET 200 https://registry.npmjs.org/git-node-fs 459ms (cache miss)
213 http fetch GET 200 https://registry.npmjs.org/tslib 506ms (cache miss)
214 http fetch GET 200 https://registry.npmjs.org/readdirp 498ms (cache miss)
215 http fetch GET 200 https://registry.npmjs.org/ws 516ms (cache miss)
216 http fetch GET 200 https://registry.npmjs.org/ws 512ms (cache miss)
217 http fetch GET 200 https://registry.npmjs.org/systeminformation 508ms (cache miss)
218 timing idealTree:node_modules/pm2 Completed in 633ms
219 silly fetch manifest bufferutil@^4.0.1
220 http fetch GET 200 https://registry.npmjs.org/bufferutil 60ms (cache miss)
221 silly fetch manifest utf-8-validate@^5.0.2
222 http fetch GET 200 https://registry.npmjs.org/utf-8-validate 50ms (cache miss)
223 silly placeDep node_modules/pm2/node_modules/@pm2/agent dayjs@1.8.36 OK for: @pm2/agent@2.1.1 want: ~1.8.24
224 silly placeDep node_modules/pm2/node_modules/@pm2/agent debug@4.3.7 OK for: @pm2/agent@2.1.1 want: ~4.3.1
225 silly placeDep node_modules/pm2 fast-json-patch@3.1.1 OK for: @pm2/agent@2.1.1 want: ^3.1.0
226 silly placeDep node_modules/pm2 proxy-agent@6.4.0 OK for: @pm2/agent@2.1.1 want: ~6.4.0
227 silly placeDep node_modules/pm2/node_modules/@pm2/agent semver@7.5.4 OK for: @pm2/agent@2.1.1 want: ~7.5.0
228 silly placeDep node_modules/pm2 ws@7.5.10 OK for: @pm2/agent@2.1.1 want: ~7.5.10
229 silly fetch manifest lru-cache@^7.14.1
230 silly fetch manifest agent-base@^7.0.2
231 silly fetch manifest proxy-from-env@^1.1.0
232 silly fetch manifest pac-proxy-agent@^7.0.1
233 silly fetch manifest http-proxy-agent@^7.0.1
234 silly fetch manifest https-proxy-agent@^7.0.3
235 silly fetch manifest socks-proxy-agent@^8.0.2
236 silly fetch manifest lru-cache@^6.0.0
237 http fetch GET 200 https://registry.npmjs.org/proxy-from-env 127ms (cache miss)
238 http fetch GET 200 https://registry.npmjs.org/http-proxy-agent 131ms (cache miss)
239 http fetch GET 200 https://registry.npmjs.org/agent-base 136ms (cache miss)
240 http fetch GET 200 https://registry.npmjs.org/socks-proxy-agent 132ms (cache miss)
241 http fetch GET 200 https://registry.npmjs.org/https-proxy-agent 134ms (cache miss)
242 http fetch GET 200 https://registry.npmjs.org/pac-proxy-agent 136ms (cache miss)
243 http fetch GET 200 https://registry.npmjs.org/lru-cache 142ms (cache miss)
244 http fetch GET 200 https://registry.npmjs.org/lru-cache 167ms (cache miss)
245 timing idealTree:node_modules/pm2/node_modules/@pm2/agent Completed in 337ms
246 silly placeDep node_modules/pm2/node_modules/@pm2/io async@2.6.4 OK for: @pm2/io@6.1.0 want: ~2.6.1
247 silly placeDep node_modules/pm2/node_modules/@pm2/io debug@4.3.7 OK for: @pm2/io@6.1.0 want: ~4.3.1
248 silly placeDep node_modules/pm2/node_modules/@pm2/io eventemitter2@6.4.9 OK for: @pm2/io@6.1.0 want: ^6.3.1
249 silly placeDep node_modules/pm2 require-in-the-middle@5.2.0 OK for: @pm2/io@6.1.0 want: ^5.0.0
250 silly placeDep node_modules/pm2/node_modules/@pm2/io semver@7.5.4 OK for: @pm2/io@6.1.0 want: ~7.5.4
251 silly placeDep node_modules/pm2 shimmer@1.2.1 OK for: @pm2/io@6.1.0 want: ^1.2.0
252 silly placeDep node_modules/pm2 signal-exit@3.0.7 OK for: @pm2/io@6.1.0 want: ^3.0.3
253 silly placeDep node_modules/pm2 tslib@1.9.3 OK for: @pm2/io@6.1.0 want: 1.9.3
254 silly fetch manifest lodash@^4.17.14
255 silly fetch manifest resolve@^1.22.1
256 silly fetch manifest module-details-from-path@^1.0.3
257 http fetch GET 200 https://registry.npmjs.org/module-details-from-path 74ms (cache miss)
258 http fetch GET 200 https://registry.npmjs.org/lodash 86ms (cache miss)
259 http fetch GET 200 https://registry.npmjs.org/resolve 82ms (cache miss)
260 timing idealTree:node_modules/pm2/node_modules/@pm2/io Completed in 112ms
261 silly placeDep node_modules/pm2/node_modules/@pm2/js-api async@2.6.4 OK for: @pm2/js-api@0.8.0 want: ^2.6.3
262 silly placeDep node_modules/pm2/node_modules/@pm2/js-api debug@4.3.7 OK for: @pm2/js-api@0.8.0 want: ~4.3.1
263 silly placeDep node_modules/pm2/node_modules/@pm2/js-api eventemitter2@6.4.9 OK for: @pm2/js-api@0.8.0 want: ^6.3.1
264 silly placeDep node_modules/pm2 extrareqp2@1.0.0 OK for: @pm2/js-api@0.8.0 want: ^1.0.0
265 silly fetch manifest follow-redirects@^1.14.0
266 http fetch GET 200 https://registry.npmjs.org/follow-redirects 73ms (cache miss)
267 timing idealTree:node_modules/pm2/node_modules/@pm2/js-api Completed in 84ms
268 timing idealTree:node_modules/pm2/node_modules/@pm2/pm2-version-check Completed in 0ms
269 timing idealTree:node_modules/pm2/node_modules/async Completed in 0ms
270 timing idealTree:node_modules/pm2/node_modules/blessed Completed in 0ms
271 silly placeDep node_modules/pm2 ansi-styles@4.3.0 OK for: chalk@3.0.0 want: ^4.1.0
272 silly placeDep node_modules/pm2 supports-color@7.2.0 OK for: chalk@3.0.0 want: ^7.1.0
273 silly fetch manifest color-convert@^2.0.1
274 silly fetch manifest has-flag@^4.0.0
275 http fetch GET 200 https://registry.npmjs.org/color-convert 46ms (cache miss)
276 http fetch GET 200 https://registry.npmjs.org/has-flag 51ms (cache miss)
277 timing idealTree:node_modules/pm2/node_modules/chalk Completed in 69ms
278 silly placeDep node_modules/pm2 color-convert@2.0.1 OK for: ansi-styles@4.3.0 want: ^2.0.1
279 silly fetch manifest color-name@~1.1.4
280 http fetch GET 200 https://registry.npmjs.org/color-name 58ms (cache miss)
281 timing idealTree:node_modules/pm2/node_modules/ansi-styles Completed in 65ms
282 silly placeDep node_modules/pm2 anymatch@3.1.3 OK for: chokidar@3.6.0 want: ~3.1.2
283 silly placeDep node_modules/pm2 braces@3.0.3 OK for: chokidar@3.6.0 want: ~3.0.2
284 silly placeDep node_modules/pm2 fsevents@2.3.3 OK for: chokidar@3.6.0 want: ~2.3.2
285 silly placeDep node_modules/pm2 glob-parent@5.1.2 OK for: chokidar@3.6.0 want: ~5.1.2
286 silly placeDep node_modules/pm2 is-binary-path@2.1.0 OK for: chokidar@3.6.0 want: ~2.1.0
287 silly placeDep node_modules/pm2 is-glob@4.0.3 OK for: chokidar@3.6.0 want: ~4.0.1
288 silly placeDep node_modules/pm2 normalize-path@3.0.0 OK for: chokidar@3.6.0 want: ~3.0.0
289 silly placeDep node_modules/pm2 readdirp@3.6.0 OK for: chokidar@3.6.0 want: ~3.6.0
290 silly fetch manifest picomatch@^2.0.4
291 silly fetch manifest fill-range@^7.1.1
292 silly fetch manifest binary-extensions@^2.0.0
293 silly fetch manifest is-extglob@^2.1.1
294 silly fetch manifest picomatch@^2.2.1
295 http fetch GET 200 https://registry.npmjs.org/fill-range 55ms (cache miss)
296 http fetch GET 200 https://registry.npmjs.org/picomatch 61ms (cache miss)
297 http fetch GET 200 https://registry.npmjs.org/binary-extensions 65ms (cache miss)
298 http fetch GET 200 https://registry.npmjs.org/picomatch 77ms (cache miss)
299 http fetch GET 200 https://registry.npmjs.org/is-extglob 96ms (cache miss)
300 timing idealTree:node_modules/pm2/node_modules/chokidar Completed in 116ms
301 silly placeDep node_modules/pm2 picomatch@2.3.1 OK for: anymatch@3.1.3 want: ^2.0.4
302 timing idealTree:node_modules/pm2/node_modules/anymatch Completed in 1ms
303 silly placeDep node_modules/pm2 fill-range@7.1.1 OK for: braces@3.0.3 want: ^7.1.1
304 silly fetch manifest to-regex-range@^5.0.1
305 http fetch GET 200 https://registry.npmjs.org/to-regex-range 54ms (cache miss)
306 timing idealTree:node_modules/pm2/node_modules/braces Completed in 57ms
307 timing idealTree:node_modules/pm2/node_modules/cli-tableau Completed in 0ms
308 silly placeDep node_modules/pm2 color-name@1.1.4 OK for: color-convert@2.0.1 want: ~1.1.4
309 timing idealTree:node_modules/pm2/node_modules/color-convert Completed in 9ms
310 timing idealTree:node_modules/pm2/node_modules/color-name Completed in 0ms
311 timing idealTree:node_modules/pm2/node_modules/commander Completed in 0ms
312 timing idealTree:node_modules/pm2/node_modules/croner Completed in 0ms
313 timing idealTree:node_modules/pm2/node_modules/dayjs Completed in 0ms
314 silly placeDep node_modules/pm2 ms@2.1.3 OK for: debug@4.4.0 want: ^2.1.3
315 timing idealTree:node_modules/pm2/node_modules/debug Completed in 6ms
316 silly placeDep node_modules/pm2 ansi-colors@4.1.3 OK for: enquirer@2.3.6 want: ^4.1.1
317 timing idealTree:node_modules/pm2/node_modules/enquirer Completed in 1ms
318 timing idealTree:node_modules/pm2/node_modules/ansi-colors Completed in 0ms
319 timing idealTree:node_modules/pm2/node_modules/eventemitter2 Completed in 0ms
320 silly placeDep node_modules/pm2 follow-redirects@1.15.9 OK for: extrareqp2@1.0.0 want: ^1.14.0
321 timing idealTree:node_modules/pm2/node_modules/extrareqp2 Completed in 2ms
322 timing idealTree:node_modules/pm2/node_modules/fast-json-patch Completed in 0ms
323 timing idealTree:node_modules/pm2/node_modules/fclone Completed in 0ms
324 silly placeDep node_modules/pm2 to-regex-range@5.0.1 OK for: fill-range@7.1.1 want: ^5.0.1
325 silly fetch manifest is-number@^7.0.0
326 http fetch GET 200 https://registry.npmjs.org/is-number 57ms (cache miss)
327 timing idealTree:node_modules/pm2/node_modules/fill-range Completed in 62ms
328 timing idealTree:node_modules/pm2/node_modules/follow-redirects Completed in 0ms
329 timing idealTree:node_modules/pm2/node_modules/fsevents Completed in 0ms
330 timing idealTree:node_modules/pm2/node_modules/glob-parent Completed in 1ms
331 silly placeDep node_modules/pm2 binary-extensions@2.3.0 OK for: is-binary-path@2.1.0 want: ^2.0.0
332 timing idealTree:node_modules/pm2/node_modules/is-binary-path Completed in 1ms
333 timing idealTree:node_modules/pm2/node_modules/binary-extensions Completed in 0ms
334 silly placeDep node_modules/pm2 is-extglob@2.1.1 OK for: is-glob@4.0.3 want: ^2.1.1
335 timing idealTree:node_modules/pm2/node_modules/is-glob Completed in 1ms
336 timing idealTree:node_modules/pm2/node_modules/is-extglob Completed in 0ms
337 silly placeDep node_modules/pm2 argparse@2.0.1 OK for: js-yaml@4.1.0 want: ^2.0.1
338 timing idealTree:node_modules/pm2/node_modules/js-yaml Completed in 1ms
339 timing idealTree:node_modules/pm2/node_modules/argparse Completed in 0ms
340 timing idealTree:node_modules/pm2/node_modules/mkdirp Completed in 0ms
341 timing idealTree:node_modules/pm2/node_modules/ms Completed in 0ms
342 silly placeDep node_modules/pm2/node_modules/needle debug@3.2.7 OK for: needle@2.4.0 want: ^3.2.6
343 silly placeDep node_modules/pm2 iconv-lite@0.4.24 OK for: needle@2.4.0 want: ^0.4.4
344 silly placeDep node_modules/pm2 sax@1.4.1 OK for: needle@2.4.0 want: ^1.2.4
345 silly fetch manifest safer-buffer@>= 2.1.2 < 3
346 http fetch GET 200 https://registry.npmjs.org/safer-buffer 59ms (cache miss)
347 timing idealTree:node_modules/pm2/node_modules/needle Completed in 73ms
348 silly placeDep node_modules/pm2 safer-buffer@2.1.2 OK for: iconv-lite@0.4.24 want: >= 2.1.2 < 3
349 timing idealTree:node_modules/pm2/node_modules/iconv-lite Completed in 1ms
350 timing idealTree:node_modules/pm2/node_modules/normalize-path Completed in 1ms
351 timing idealTree:node_modules/pm2/node_modules/picomatch Completed in 0ms
352 silly placeDep node_modules/pm2 safe-buffer@5.2.1 OK for: pidusage@3.0.2 want: ^5.2.1
353 timing idealTree:node_modules/pm2/node_modules/pidusage Completed in 1ms
354 silly placeDep node_modules/pm2 amp@0.3.1 OK for: pm2-axon@4.0.1 want: ~0.3.1
355 silly placeDep node_modules/pm2 amp-message@0.1.2 OK for: pm2-axon@4.0.1 want: ~0.1.1
356 silly placeDep node_modules/pm2 escape-string-regexp@4.0.0 OK for: pm2-axon@4.0.1 want: ^4.0.0
357 timing idealTree:node_modules/pm2/node_modules/pm2-axon Completed in 6ms
358 timing idealTree:node_modules/pm2/node_modules/amp Completed in 0ms
359 timing idealTree:node_modules/pm2/node_modules/amp-message Completed in 0ms
360 timing idealTree:node_modules/pm2/node_modules/escape-string-regexp Completed in 0ms
361 timing idealTree:node_modules/pm2/node_modules/pm2-axon-rpc Completed in 0ms
362 silly placeDep node_modules/pm2 run-series@1.1.9 OK for: pm2-deploy@1.0.2 want: ^1.1.8
363 silly placeDep node_modules/pm2 tv4@1.3.0 OK for: pm2-deploy@1.0.2 want: ^1.3.0
364 timing idealTree:node_modules/pm2/node_modules/pm2-deploy Completed in 3ms
365 silly placeDep node_modules/pm2 charm@0.1.2 OK for: pm2-multimeter@0.1.2 want: ~0.1.1
366 timing idealTree:node_modules/pm2/node_modules/pm2-multimeter Completed in 9ms
367 timing idealTree:node_modules/pm2/node_modules/charm Completed in 0ms
368 silly placeDep node_modules/pm2/node_modules/pm2-sysmonit pidusage@2.0.21 OK for: pm2-sysmonit@1.2.8 want: ^2.0.21
369 silly placeDep node_modules/pm2 systeminformation@5.25.11 OK for: pm2-sysmonit@1.2.8 want: ^5.7
370 silly placeDep node_modules/pm2 tx2@1.0.5 OK for: pm2-sysmonit@1.2.8 want: ~1.0.4
371 silly fetch manifest json-stringify-safe@^5.0.1
372 http fetch GET 200 https://registry.npmjs.org/json-stringify-safe 66ms (cache miss)
373 timing idealTree:node_modules/pm2/node_modules/pm2-sysmonit Completed in 72ms
374 silly placeDep node_modules/pm2 read@1.0.7 OK for: promptly@2.2.0 want: ^1.0.4
375 silly fetch manifest mute-stream@~0.0.4
376 http fetch GET 200 https://registry.npmjs.org/mute-stream 67ms (cache miss)
377 timing idealTree:node_modules/pm2/node_modules/promptly Completed in 70ms
378 silly placeDep node_modules/pm2 agent-base@7.1.3 OK for: proxy-agent@6.4.0 want: ^7.0.2
379 silly placeDep node_modules/pm2 http-proxy-agent@7.0.2 OK for: proxy-agent@6.4.0 want: ^7.0.1
380 silly placeDep node_modules/pm2 https-proxy-agent@7.0.6 OK for: proxy-agent@6.4.0 want: ^7.0.3
381 silly placeDep node_modules/pm2 lru-cache@7.18.3 OK for: proxy-agent@6.4.0 want: ^7.14.1
382 silly placeDep node_modules/pm2 pac-proxy-agent@7.2.0 OK for: proxy-agent@6.4.0 want: ^7.0.1
383 silly placeDep node_modules/pm2 proxy-from-env@1.1.0 OK for: proxy-agent@6.4.0 want: ^1.1.0
384 silly placeDep node_modules/pm2 socks-proxy-agent@8.0.5 OK for: proxy-agent@6.4.0 want: ^8.0.2
385 silly fetch manifest @tootallnate/quickjs-emscripten@^0.23.0
386 silly fetch manifest get-uri@^6.0.1
387 silly fetch manifest pac-resolver@^7.0.1
388 silly fetch manifest socks@^2.8.3
389 http fetch GET 200 https://registry.npmjs.org/get-uri 114ms (cache miss)
390 http fetch GET 200 https://registry.npmjs.org/pac-resolver 114ms (cache miss)
391 http fetch GET 200 https://registry.npmjs.org/@tootallnate%2fquickjs-emscripten 118ms (cache miss)
392 http fetch GET 200 https://registry.npmjs.org/socks 113ms (cache miss)
393 timing idealTree:node_modules/pm2/node_modules/proxy-agent Completed in 138ms
394 timing idealTree:node_modules/pm2/node_modules/agent-base Completed in 0ms
395 timing idealTree:node_modules/pm2/node_modules/http-proxy-agent Completed in 0ms
396 timing idealTree:node_modules/pm2/node_modules/https-proxy-agent Completed in 0ms
397 timing idealTree:node_modules/pm2/node_modules/lru-cache Completed in 0ms
398 silly placeDep node_modules/pm2 @tootallnate/quickjs-emscripten@0.23.0 OK for: pac-proxy-agent@7.2.0 want: ^0.23.0
399 silly placeDep node_modules/pm2 get-uri@6.0.4 OK for: pac-proxy-agent@7.2.0 want: ^6.0.1
400 silly placeDep node_modules/pm2 pac-resolver@7.0.1 OK for: pac-proxy-agent@7.2.0 want: ^7.0.1
401 silly fetch manifest basic-ftp@^5.0.2
402 silly fetch manifest data-uri-to-buffer@^6.0.2
403 silly fetch manifest degenerator@^5.0.0
404 silly fetch manifest netmask@^2.0.2
405 http fetch GET 200 https://registry.npmjs.org/data-uri-to-buffer 64ms (cache miss)
406 http fetch GET 200 https://registry.npmjs.org/degenerator 64ms (cache miss)
407 http fetch GET 200 https://registry.npmjs.org/basic-ftp 69ms (cache miss)
408 http fetch GET 200 https://registry.npmjs.org/netmask 75ms (cache miss)
409 timing idealTree:node_modules/pm2/node_modules/pac-proxy-agent Completed in 81ms
410 timing idealTree:node_modules/pm2/node_modules/@tootallnate/quickjs-emscripten Completed in 0ms
411 silly placeDep node_modules/pm2 basic-ftp@5.0.5 OK for: get-uri@6.0.4 want: ^5.0.2
412 silly placeDep node_modules/pm2 data-uri-to-buffer@6.0.2 OK for: get-uri@6.0.4 want: ^6.0.2
413 timing idealTree:node_modules/pm2/node_modules/get-uri Completed in 5ms
414 timing idealTree:node_modules/pm2/node_modules/basic-ftp Completed in 1ms
415 timing idealTree:node_modules/pm2/node_modules/data-uri-to-buffer Completed in 0ms
416 silly placeDep node_modules/pm2 degenerator@5.0.1 OK for: pac-resolver@7.0.1 want: ^5.0.0
417 silly placeDep node_modules/pm2 netmask@2.0.2 OK for: pac-resolver@7.0.1 want: ^2.0.2
418 silly fetch manifest ast-types@^0.13.4
419 silly fetch manifest escodegen@^2.1.0
420 silly fetch manifest esprima@^4.0.1
421 http fetch GET 200 https://registry.npmjs.org/esprima 92ms (cache miss)
422 http fetch GET 200 https://registry.npmjs.org/escodegen 94ms (cache miss)
423 http fetch GET 200 https://registry.npmjs.org/ast-types 105ms (cache miss)
424 timing idealTree:node_modules/pm2/node_modules/pac-resolver Completed in 111ms
425 silly placeDep node_modules/pm2 ast-types@0.13.4 OK for: degenerator@5.0.1 want: ^0.13.4
426 silly placeDep node_modules/pm2 escodegen@2.1.0 OK for: degenerator@5.0.1 want: ^2.1.0
427 silly placeDep node_modules/pm2 esprima@4.0.1 OK for: degenerator@5.0.1 want: ^4.0.1
428 silly fetch manifest tslib@^2.0.1
429 silly fetch manifest estraverse@^5.2.0
430 silly fetch manifest esutils@^2.0.2
431 silly fetch manifest source-map@~0.6.1
432 http fetch GET 200 https://registry.npmjs.org/esutils 67ms (cache miss)
433 http fetch GET 200 https://registry.npmjs.org/estraverse 99ms (cache miss)
434 timing idealTree:node_modules/pm2/node_modules/degenerator Completed in 103ms
435 silly placeDep node_modules/pm2/node_modules/ast-types tslib@2.8.1 OK for: ast-types@0.13.4 want: ^2.0.1
436 timing idealTree:node_modules/pm2/node_modules/ast-types Completed in 1ms
437 silly placeDep node_modules/pm2 estraverse@5.3.0 OK for: escodegen@2.1.0 want: ^5.2.0
438 silly placeDep node_modules/pm2 esutils@2.0.3 OK for: escodegen@2.1.0 want: ^2.0.2
439 silly placeDep node_modules/pm2 source-map@0.6.1 OK for: escodegen@2.1.0 want: ~0.6.1
440 timing idealTree:node_modules/pm2/node_modules/escodegen Completed in 3ms
441 timing idealTree:node_modules/pm2/node_modules/esprima Completed in 0ms
442 timing idealTree:node_modules/pm2/node_modules/estraverse Completed in 0ms
443 timing idealTree:node_modules/pm2/node_modules/esutils Completed in 0ms
444 timing idealTree:node_modules/pm2/node_modules/netmask Completed in 0ms
445 timing idealTree:node_modules/pm2/node_modules/proxy-from-env Completed in 0ms
446 silly placeDep node_modules/pm2 mute-stream@0.0.8 OK for: read@1.0.7 want: ~0.0.4
447 timing idealTree:node_modules/pm2/node_modules/read Completed in 1ms
448 timing idealTree:node_modules/pm2/node_modules/mute-stream Completed in 0ms
449 timing idealTree:node_modules/pm2/node_modules/readdirp Completed in 0ms
450 silly placeDep node_modules/pm2 module-details-from-path@1.0.3 OK for: require-in-the-middle@5.2.0 want: ^1.0.3
451 silly placeDep node_modules/pm2 resolve@1.22.10 OK for: require-in-the-middle@5.2.0 want: ^1.22.1
452 silly fetch manifest is-core-module@^2.16.0
453 silly fetch manifest path-parse@^1.0.7
454 silly fetch manifest supports-preserve-symlinks-flag@^1.0.0
455 http fetch GET 200 https://registry.npmjs.org/path-parse 50ms (cache miss)
456 http fetch GET 200 https://registry.npmjs.org/is-core-module 63ms (cache miss)
457 http fetch GET 200 https://registry.npmjs.org/supports-preserve-symlinks-flag 641ms (cache miss)
458 timing idealTree:node_modules/pm2/node_modules/require-in-the-middle Completed in 648ms
459 timing idealTree:node_modules/pm2/node_modules/module-details-from-path Completed in 0ms
460 silly placeDep node_modules/pm2 is-core-module@2.16.1 OK for: resolve@1.22.10 want: ^2.16.0
461 silly placeDep node_modules/pm2 path-parse@1.0.7 OK for: resolve@1.22.10 want: ^1.0.7
462 silly placeDep node_modules/pm2 supports-preserve-symlinks-flag@1.0.0 OK for: resolve@1.22.10 want: ^1.0.0
463 silly fetch manifest hasown@^2.0.2
464 http fetch GET 200 https://registry.npmjs.org/hasown 65ms (cache miss)
465 timing idealTree:node_modules/pm2/node_modules/resolve Completed in 72ms
466 silly placeDep node_modules/pm2 hasown@2.0.2 OK for: is-core-module@2.16.1 want: ^2.0.2
467 silly fetch manifest function-bind@^1.1.2
468 http fetch GET 200 https://registry.npmjs.org/function-bind 59ms (cache miss)
469 timing idealTree:node_modules/pm2/node_modules/is-core-module Completed in 61ms
470 silly placeDep node_modules/pm2 function-bind@1.1.2 OK for: hasown@2.0.2 want: ^1.1.2
471 timing idealTree:node_modules/pm2/node_modules/hasown Completed in 2ms
472 timing idealTree:node_modules/pm2/node_modules/function-bind Completed in 0ms
473 timing idealTree:node_modules/pm2/node_modules/path-parse Completed in 0ms
474 timing idealTree:node_modules/pm2/node_modules/run-series Completed in 0ms
475 timing idealTree:node_modules/pm2/node_modules/safe-buffer Completed in 0ms
476 timing idealTree:node_modules/pm2/node_modules/safer-buffer Completed in 0ms
477 timing idealTree:node_modules/pm2/node_modules/sax Completed in 0ms
478 timing idealTree:node_modules/pm2/node_modules/semver Completed in 0ms
479 timing idealTree:node_modules/pm2/node_modules/shimmer Completed in 0ms
480 timing idealTree:node_modules/pm2/node_modules/signal-exit Completed in 0ms
481 silly placeDep node_modules/pm2 socks@2.8.4 OK for: socks-proxy-agent@8.0.5 want: ^2.8.3
482 silly fetch manifest ip-address@^9.0.5
483 silly fetch manifest smart-buffer@^4.2.0
484 http fetch GET 200 https://registry.npmjs.org/ip-address 56ms (cache miss)
485 http fetch GET 200 https://registry.npmjs.org/smart-buffer 77ms (cache miss)
486 timing idealTree:node_modules/pm2/node_modules/socks-proxy-agent Completed in 82ms
487 silly placeDep node_modules/pm2 ip-address@9.0.5 OK for: socks@2.8.4 want: ^9.0.5
488 silly placeDep node_modules/pm2 smart-buffer@4.2.0 OK for: socks@2.8.4 want: ^4.2.0
489 silly fetch manifest jsbn@1.1.0
490 silly fetch manifest sprintf-js@^1.1.3
491 http fetch GET 200 https://registry.npmjs.org/jsbn 63ms (cache miss)
492 timing idealTree:node_modules/pm2/node_modules/socks Completed in 67ms
493 silly placeDep node_modules/pm2 jsbn@1.1.0 OK for: ip-address@9.0.5 want: 1.1.0
494 silly placeDep node_modules/pm2/node_modules/ip-address sprintf-js@1.1.3 OK for: ip-address@9.0.5 want: ^1.1.3
495 timing idealTree:node_modules/pm2/node_modules/ip-address Completed in 27ms
496 timing idealTree:node_modules/pm2/node_modules/jsbn Completed in 0ms
497 timing idealTree:node_modules/pm2/node_modules/smart-buffer Completed in 0ms
498 timing idealTree:node_modules/pm2/node_modules/source-map Completed in 0ms
499 silly placeDep node_modules/pm2 buffer-from@1.1.2 OK for: source-map-support@0.5.21 want: ^1.0.0
500 timing idealTree:node_modules/pm2/node_modules/source-map-support Completed in 1ms
501 timing idealTree:node_modules/pm2/node_modules/buffer-from Completed in 0ms
502 timing idealTree:node_modules/pm2/node_modules/sprintf-js Completed in 0ms
503 silly placeDep node_modules/pm2 has-flag@4.0.0 OK for: supports-color@7.2.0 want: ^4.0.0
504 timing idealTree:node_modules/pm2/node_modules/supports-color Completed in 3ms
505 timing idealTree:node_modules/pm2/node_modules/has-flag Completed in 0ms
506 timing idealTree:node_modules/pm2/node_modules/supports-preserve-symlinks-flag Completed in 0ms
507 timing idealTree:node_modules/pm2/node_modules/systeminformation Completed in 0ms
508 silly placeDep node_modules/pm2 is-number@7.0.0 OK for: to-regex-range@5.0.1 want: ^7.0.0
509 timing idealTree:node_modules/pm2/node_modules/to-regex-range Completed in 1ms
510 timing idealTree:node_modules/pm2/node_modules/is-number Completed in 0ms
511 timing idealTree:node_modules/pm2/node_modules/tslib Completed in 0ms
512 timing idealTree:node_modules/pm2/node_modules/tv4 Completed in 0ms
513 silly placeDep node_modules/pm2 json-stringify-safe@5.0.1 OK for: tx2@1.0.5 want: ^5.0.1
514 timing idealTree:node_modules/pm2/node_modules/tx2 Completed in 1ms
515 timing idealTree:node_modules/pm2/node_modules/json-stringify-safe Completed in 0ms
516 silly placeDep node_modules/pm2/node_modules/vizion async@2.6.4 OK for: vizion@2.2.1 want: ^2.6.3
517 silly placeDep node_modules/pm2 git-node-fs@1.0.0 OK for: vizion@2.2.1 want: ^1.0.0
518 silly placeDep node_modules/pm2 ini@1.3.8 OK for: vizion@2.2.1 want: ^1.3.5
519 silly placeDep node_modules/pm2 js-git@0.7.8 OK for: vizion@2.2.1 want: ^0.7.8
520 silly fetch manifest bodec@^0.1.0
521 silly fetch manifest culvert@^0.1.2
522 silly fetch manifest git-sha1@^0.1.2
523 silly fetch manifest pako@^0.2.5
524 http fetch GET 200 https://registry.npmjs.org/culvert 63ms (cache miss)
525 http fetch GET 200 https://registry.npmjs.org/pako 63ms (cache miss)
526 http fetch GET 200 https://registry.npmjs.org/git-sha1 71ms (cache miss)
527 http fetch GET 200 https://registry.npmjs.org/bodec 92ms (cache miss)
528 timing idealTree:node_modules/pm2/node_modules/vizion Completed in 100ms
529 timing idealTree:node_modules/pm2/node_modules/git-node-fs Completed in 0ms
530 timing idealTree:node_modules/pm2/node_modules/ini Completed in 0ms
531 silly placeDep node_modules/pm2 bodec@0.1.0 OK for: js-git@0.7.8 want: ^0.1.0
532 silly placeDep node_modules/pm2 culvert@0.1.2 OK for: js-git@0.7.8 want: ^0.1.2
533 silly placeDep node_modules/pm2 git-sha1@0.1.2 OK for: js-git@0.7.8 want: ^0.1.2
534 silly placeDep node_modules/pm2 pako@0.2.9 OK for: js-git@0.7.8 want: ^0.2.5
535 timing idealTree:node_modules/pm2/node_modules/js-git Completed in 25ms
536 timing idealTree:node_modules/pm2/node_modules/bodec Completed in 0ms
537 timing idealTree:node_modules/pm2/node_modules/culvert Completed in 0ms
538 timing idealTree:node_modules/pm2/node_modules/git-sha1 Completed in 0ms
539 timing idealTree:node_modules/pm2/node_modules/pako Completed in 0ms
540 timing idealTree:node_modules/pm2/node_modules/ws Completed in 0ms
541 timing idealTree:node_modules/pm2/node_modules/@pm2/agent/node_modules/dayjs Completed in 0ms
542 timing idealTree:node_modules/pm2/node_modules/@pm2/agent/node_modules/debug Completed in 0ms
543 silly placeDep node_modules/pm2/node_modules/@pm2/agent lru-cache@6.0.0 OK for: semver@7.5.4 want: ^6.0.0
544 silly fetch manifest yallist@^4.0.0
545 http fetch GET 200 https://registry.npmjs.org/yallist 99ms (cache miss)
546 timing idealTree:node_modules/pm2/node_modules/@pm2/agent/node_modules/semver Completed in 102ms
547 silly placeDep node_modules/pm2 yallist@4.0.0 OK for: lru-cache@6.0.0 want: ^4.0.0
548 timing idealTree:node_modules/pm2/node_modules/@pm2/agent/node_modules/lru-cache Completed in 2ms
549 timing idealTree:node_modules/pm2/node_modules/yallist Completed in 0ms
550 silly placeDep node_modules/pm2 lodash@4.17.21 OK for: async@2.6.4 want: ^4.17.14
551 timing idealTree:node_modules/pm2/node_modules/@pm2/io/node_modules/async Completed in 1ms
552 timing idealTree:node_modules/pm2/node_modules/lodash Completed in 0ms
553 timing idealTree:node_modules/pm2/node_modules/@pm2/io/node_modules/debug Completed in 0ms
554 timing idealTree:node_modules/pm2/node_modules/@pm2/io/node_modules/eventemitter2 Completed in 0ms
555 silly placeDep node_modules/pm2/node_modules/@pm2/io lru-cache@6.0.0 OK for: semver@7.5.4 want: ^6.0.0
556 timing idealTree:node_modules/pm2/node_modules/@pm2/io/node_modules/semver Completed in 1ms
557 timing idealTree:node_modules/pm2/node_modules/@pm2/io/node_modules/lru-cache Completed in 0ms
558 timing idealTree:node_modules/pm2/node_modules/@pm2/js-api/node_modules/async Completed in 0ms
559 timing idealTree:node_modules/pm2/node_modules/@pm2/js-api/node_modules/debug Completed in 0ms
560 timing idealTree:node_modules/pm2/node_modules/@pm2/js-api/node_modules/eventemitter2 Completed in 0ms
561 timing idealTree:node_modules/pm2/node_modules/ast-types/node_modules/tslib Completed in 0ms
562 timing idealTree:node_modules/pm2/node_modules/ip-address/node_modules/sprintf-js Completed in 0ms
563 timing idealTree:node_modules/pm2/node_modules/needle/node_modules/debug Completed in 0ms
564 timing idealTree:node_modules/pm2/node_modules/pm2-sysmonit/node_modules/pidusage Completed in 0ms
565 timing idealTree:node_modules/pm2/node_modules/vizion/node_modules/async Completed in 0ms
566 timing idealTree:buildDeps Completed in 4404ms
567 timing idealTree:fixDepFlags Completed in 2ms
568 timing idealTree Completed in 4419ms
569 timing reify:loadTrees Completed in 4423ms
570 timing reify:diffTrees Completed in 5ms
571 silly reify moves {}
572 timing reify:retireShallow Completed in 1ms
573 timing reify:rollback:createSparse Completed in 0ms
574 timing reify:rollback:retireShallow Completed in 0ms
575 timing command:install Completed in 4507ms
576 verbose stack Error: EACCES: permission denied, mkdir '/usr/local/lib/node_modules'
577 verbose cwd /home/neto/Downloads/node_app
578 verbose Linux 5.14.0-573.el9.x86_64
579 verbose node v16.20.2
580 verbose npm  v8.19.4
581 error code EACCES
582 error syscall mkdir
583 error path /usr/local/lib/node_modules
584 error errno -13
585 error [Error: EACCES: permission denied, mkdir '/usr/local/lib/node_modules'] {
585 error   errno: -13,
585 error   code: 'EACCES',
585 error   syscall: 'mkdir',
585 error   path: '/usr/local/lib/node_modules'
585 error }
586 error
586 error The operation was rejected by your operating system.
586 error It is likely you do not have the permissions to access this file as the current user
586 error
586 error If you believe this might be a permissions issue, please double-check the
586 error permissions of the file and its containing directories, or try running
586 error the command again as root/Administrator.
587 verbose exit -13
588 timing npm Completed in 4650ms
589 verbose unfinished npm timer reify 1743449003136
590 verbose unfinished npm timer reify:createSparse 1743449007580
591 verbose code -13
592 error A complete log of this run can be found in:
592 error     /home/neto/.npm/_logs/2025-03-31T19_23_23_000Z-debug-0.log
